MSBuild version 17.14.40+3e7442088 for .NET Framework
Build started 8-4-2026 21:19:30.

Project "C:\csharp\cursor_com_test\ATLProjectcomserver.sln" on node 1 (default targets).
ValidateSolutionConfiguration:
  Building solution configuration "Debug|x64".
Project "C:\csharp\cursor_com_test\ATLProjectcomserver.sln" (1) is building "C:\csharp\cursor_com_test\ATLProjectcomserver.vcxproj" (2) on node 1 (default targets).
PrepareForBuild:
  Structured output is enabled. The formatting of compiler diagnostics will reflect the error hierarchy. See https://aka.ms/cpp/structured-output for more details.
InitializeBuildStatus:
  Touching "ATLProje.86BE8DF9\x64\Debug\ATLProje.86BE8DF9.tlog\unsuccessfulbuild".
Midl:
  All outputs are up-to-date.
VcpkgTripletSelection:
  Using triplet "x64-windows" from "C:\current\jsoncpp\vcpkg\installed\x64-windows\"
  Using normalized configuration "Debug"
ClCompile:
  All outputs are up-to-date.
  All outputs are up-to-date.
  All outputs are up-to-date.
  C:\Program Files\Microsoft Visual Studio\2022\Enterprise\VC\Tools\MSVC\14.44.35207\bin\HostX86\x64\CL.exe /c /I"C:\current\jsoncpp\vcpkg\installed\x64-windows\include" /ZI /JMC /nologo /W3 /WX- /diagnostics:column /sdl /Od /D _WINDOWS /D _DEBUG /D _USRDLL /D _WINDLL /D _UNICODE /D UNICODE /Gm- /EHsc /RTC1 /MDd /GS /Zc:wchar_t /Zc:forScope /Zc:inline /std:c++20 /Yu"pch.h" /Fp"ATLProje.86BE8DF9\x64\Debug\ATLProjectcomserver.pch" /Fo"ATLProje.86BE8DF9\x64\Debug\\" /Fd"ATLProje.86BE8DF9\x64\Debug\vc143.pdb" /external:W3 /Gd /TP /FC /errorReport:queue SharedValue.cpp
  SharedValue.cpp
C:\csharp\cursor_com_test\SharedValue.h(67,5): error C2872: 'SharedValue': ambiguous symbol [C:\csharp\cursor_com_test\ATLProjectcomserver.vcxproj]
  (compiling source file '/SharedValue.cpp')
      C:\csharp\cursor_com_test\ATLProjectcomserver_i.h(104,15):
      could be 'SharedValue'
      C:\csharp\cursor_com_test\SharedValueV2\include\SharedValue.hpp(19,7):
      or       'SharedValueV2::SharedValue'
  
C:\csharp\cursor_com_test\SharedValue.h(67,16): error C2059: syntax error: '<' [C:\csharp\cursor_com_test\ATLProjectcomserver.vcxproj]
  (compiling source file '/SharedValue.cpp')
  
C:\csharp\cursor_com_test\SharedValue.h(67,54): error C2238: unexpected token(s) preceding ';' [C:\csharp\cursor_com_test\ATLProjectcomserver.vcxproj]
  (compiling source file '/SharedValue.cpp')
  
C:\csharp\cursor_com_test\SharedValue.h(26,9): error C2065: 'm_core': undeclared identifier [C:\csharp\cursor_com_test\ATLProjectcomserver.vcxproj]
  (compiling source file '/SharedValue.cpp')
  
C:\csharp\cursor_com_test\SharedValue.h(31,9): error C2065: 'm_core': undeclared identifier [C:\csharp\cursor_com_test\ATLProjectcomserver.vcxproj]
  (compiling source file '/SharedValue.cpp')
  
C:\csharp\cursor_com_test\SharedValue.h(73,1): error C2872: 'SharedValue': ambiguous symbol [C:\csharp\cursor_com_test\ATLProjectcomserver.vcxproj]
  (compiling source file '/SharedValue.cpp')
      C:\csharp\cursor_com_test\ATLProjectcomserver_i.h(104,15):
      could be 'SharedValue'
      C:\csharp\cursor_com_test\SharedValueV2\include\SharedValue.hpp(19,7):
      or       'SharedValueV2::SharedValue'
  
C:\csharp\cursor_com_test\SharedValue.h(73,1): error C2737: '__objMap_CSharedValue': const object must be initialized [C:\csharp\cursor_com_test\ATLProjectcomserver.vcxproj]
  (compiling source file '/SharedValue.cpp')
  
C:\csharp\cursor_com_test\SharedValue.cpp(12,5): error C2065: 'm_core': undeclared identifier [C:\csharp\cursor_com_test\ATLProjectcomserver.vcxproj]
  (compiling source file '/SharedValue.cpp')
  
C:\csharp\cursor_com_test\SharedValue.cpp(21,28): error C2065: 'm_core': undeclared identifier [C:\csharp\cursor_com_test\ATLProjectcomserver.vcxproj]
  (compiling source file '/SharedValue.cpp')
  
C:\csharp\cursor_com_test\SharedValue.cpp(29,23): error C2065: 'm_core': undeclared identifier [C:\csharp\cursor_com_test\ATLProjectcomserver.vcxproj]
  (compiling source file '/SharedValue.cpp')
  
C:\csharp\cursor_com_test\SharedValue.cpp(39,23): error C2065: 'm_core': undeclared identifier [C:\csharp\cursor_com_test\ATLProjectcomserver.vcxproj]
  (compiling source file '/SharedValue.cpp')
  
C:\csharp\cursor_com_test\SharedValue.cpp(47,9): error C2065: 'm_core': undeclared identifier [C:\csharp\cursor_com_test\ATLProjectcomserver.vcxproj]
  (compiling source file '/SharedValue.cpp')
  
C:\csharp\cursor_com_test\SharedValue.cpp(55,5): error C2065: 'm_core': undeclared identifier [C:\csharp\cursor_com_test\ATLProjectcomserver.vcxproj]
  (compiling source file '/SharedValue.cpp')
  
Done Building Project "C:\csharp\cursor_com_test\ATLProjectcomserver.vcxproj" (default targets) -- FAILED.
Done Building Project "C:\csharp\cursor_com_test\ATLProjectcomserver.sln" (default targets) -- FAILED.

Build FAILED.

"C:\csharp\cursor_com_test\ATLProjectcomserver.sln" (default target) (1) ->
"C:\csharp\cursor_com_test\ATLProjectcomserver.vcxproj" (default target) (2) ->
(ClCompile target) -> 
  C:\csharp\cursor_com_test\SharedValue.h(67,5): error C2872: 'SharedValue': ambiguous symbol [C:\csharp\cursor_com_test\ATLProjectcomserver.vcxproj]
  C:\csharp\cursor_com_test\SharedValue.h(67,16): error C2059: syntax error: '<' [C:\csharp\cursor_com_test\ATLProjectcomserver.vcxproj]
  C:\csharp\cursor_com_test\SharedValue.h(67,54): error C2238: unexpected token(s) preceding ';' [C:\csharp\cursor_com_test\ATLProjectcomserver.vcxproj]
  C:\csharp\cursor_com_test\SharedValue.h(26,9): error C2065: 'm_core': undeclared identifier [C:\csharp\cursor_com_test\ATLProjectcomserver.vcxproj]
  C:\csharp\cursor_com_test\SharedValue.h(31,9): error C2065: 'm_core': undeclared identifier [C:\csharp\cursor_com_test\ATLProjectcomserver.vcxproj]
  C:\csharp\cursor_com_test\SharedValue.h(73,1): error C2872: 'SharedValue': ambiguous symbol [C:\csharp\cursor_com_test\ATLProjectcomserver.vcxproj]
  C:\csharp\cursor_com_test\SharedValue.h(73,1): error C2737: '__objMap_CSharedValue': const object must be initialized [C:\csharp\cursor_com_test\ATLProjectcomserver.vcxproj]
  C:\csharp\cursor_com_test\SharedValue.cpp(12,5): error C2065: 'm_core': undeclared identifier [C:\csharp\cursor_com_test\ATLProjectcomserver.vcxproj]
  C:\csharp\cursor_com_test\SharedValue.cpp(21,28): error C2065: 'm_core': undeclared identifier [C:\csharp\cursor_com_test\ATLProjectcomserver.vcxproj]
  C:\csharp\cursor_com_test\SharedValue.cpp(29,23): error C2065: 'm_core': undeclared identifier [C:\csharp\cursor_com_test\ATLProjectcomserver.vcxproj]
  C:\csharp\cursor_com_test\SharedValue.cpp(39,23): error C2065: 'm_core': undeclared identifier [C:\csharp\cursor_com_test\ATLProjectcomserver.vcxproj]
  C:\csharp\cursor_com_test\SharedValue.cpp(47,9): error C2065: 'm_core': undeclared identifier [C:\csharp\cursor_com_test\ATLProjectcomserver.vcxproj]
  C:\csharp\cursor_com_test\SharedValue.cpp(55,5): error C2065: 'm_core': undeclared identifier [C:\csharp\cursor_com_test\ATLProjectcomserver.vcxproj]

    0 Warning(s)
    13 Error(s)

Time Elapsed 00:00:00.84
